<?xml version="1.0" encoding="UTF-8"?>
<testng-results ignored="0" total="1" passed="1" failed="0" skipped="0">
  <reporter-output>
  </reporter-output>
  <suite started-at="2023-02-05T13:33:25Z" name="inetBankingV1" finished-at="2023-02-05T13:33:57Z" duration-ms="31128">
    <groups>
    </groups>
    <test started-at="2023-02-05T13:33:25Z" name="BankingApp Test" finished-at="2023-02-05T13:33:57Z" duration-ms="31128">
      <class name="com.inetbanking.testCases.TC_LoginTest_001">
        <test-method is-config="true" signature="setup(java.lang.String)[pri:0, instance:com.inetbanking.testCases.TC_LoginTest_001@49c7b90e]" started-at="2023-02-05T13:33:27Z" name="setup" finished-at="2023-02-05T13:33:48Z" duration-ms="21045" status="PASS">
          <params>
            <param index="0">
              <value>
                <![CDATA[chrome]]>
              </value>
            </param>
          </params>
          <reporter-output>
          </reporter-output>
        </test-method> <!-- setup -->
        <test-method signature="loginTest()[pri:0, instance:com.inetbanking.testCases.TC_LoginTest_001@49c7b90e]" started-at="2023-02-05T13:33:48Z" name="loginTest" finished-at="2023-02-05T13:33:56Z" duration-ms="7651" status="PASS">
          <reporter-output>
          </reporter-output>
        </test-method> <!-- loginTest -->
        <test-method is-config="true" signature="tearDown()[pri:0, instance:com.inetbanking.testCases.TC_LoginTest_001@49c7b90e]" started-at="2023-02-05T13:33:56Z" name="tearDown" finished-at="2023-02-05T13:33:57Z" duration-ms="751" status="PASS">
          <reporter-output>
          </reporter-output>
        </test-method> <!-- tearDown -->
      </class> <!-- com.inetbanking.testCases.TC_LoginTest_001 -->
    </test> <!-- BankingApp Test -->
  </suite> <!-- inetBankingV1 -->
</testng-results>
